CLASS:Magical Girl	MAXLEVEL:20
CLASS:Magical Girl	DEFINE:MagicalGirlLVL|0	BONUS:VAR|MagicalGirlLVL|CL
CLASS:Magical Girl	HD:8
CLASS:Magical Girl	TYPE:Base.PC
CLASS:Magical Girl	FACT:Abb|Mgl
CLASS:Magical Girl	SOURCEPAGE:Magical_Girl_(3.5e_Class)
CLASS:Magical Girl	BONUS:SAVE|BASE.Fortitude,BASE.Reflex|CL/3
CLASS:Magical Girl	BONUS:SAVE|BASE.Will|CL/2+2
CLASS:Magical Girl	BONUS:COMBAT|BAB|CL*3/4|TYPE=Base.REPLACE
CLASS:Magical Girl	PREMULT:1,[!PREALIGN:LG,LN,LE],[PREVAREQ:BypassClassAlignment_Magical_Girl,1]

CLASS:Magical Girl	STARTSKILLPTS:4
CLASS:Magical Girl	CSKILL:Acrobatics|Bluff|TYPE.Craft|Diplomacy|Disguise|Escape Artist|Handle Animal|Heal|Knowledge (Arcana)|TYPE.Perform|TYPE.Profession|Sense Motive|Spellcraft|Use Magic Device

1	ABILITY:FEAT|AUTOMATIC|Simple Weapon Proficiency
1	ABILITY:FEAT|AUTOMATIC|Combat Casting
1	ABILITY:Class|AUTOMATIC|Magical Girl
2	ABILITY:Magical Girl Class Feature|AUTOMATIC|Magical Girl ~ Transformation Sequence
2	ABILITY:Magical Girl Class Feature|AUTOMATIC|Magical Girl ~ All Night Long
3	ABILITY:Magical Girl Class Feature|AUTOMATIC|Magical Girl ~ Device
6	ABILITY:Magical Girl Class Feature|AUTOMATIC|Magical Girl ~ Improved Transformation
7	ABILITY:Magical Girl Class Feature|AUTOMATIC|Magical Girl ~ Defense Data
10	ABILITY:Magical Girl Class Feature|AUTOMATIC|Magical Girl ~ Rapid Transformation
12	ABILITY:Magical Girl Class Feature|AUTOMATIC|Magical Girl ~ Improved Defense Data
14	ABILITY:Magical Girl Class Feature|AUTOMATIC|Magical Girl ~ Instant Transformation
15	ABILITY:Magical Girl Class Feature|AUTOMATIC|Magical Girl ~ Suffused Transformation
18	ABILITY:Magical Girl Class Feature|AUTOMATIC|Magical Girl ~ Environmental Seal